<?xml version="1.0" encoding="UTF-8"?>
<!-- Generated by org.testng.reporters.JUnitReportReporter -->
<testsuite hostname="LAPTOP-08ASTGCM" name="com.adp.exam.testcase.ADPTestCase" tests="1" failures="0" timestamp="30 Sep 2021 05:15:22 GMT" time="4.540" errors="0">
  <testcase name="test_go_to_HerosPage" time="4.540" classname="com.adp.exam.testcase.ADPTestCase"/>
</testsuite> <!-- com.adp.exam.testcase.ADPTestCase -->
