<?xml version="1.0" encoding="UTF-8"?>
<!-- Generated by org.testng.reporters.JUnitReportReporter -->
<testsuite hostname="LAPTOP-08ASTGCM" name="com.adp.exam.testcase.Test99GuruLoginWithPageFactory" tests="1" failures="0" timestamp="30 Sep 2021 01:19:28 GMT" time="0.952" errors="0">
  <testcase name="test_Home_Page_Appear_Correct" time="0.952" classname="com.adp.exam.testcase.Test99GuruLoginWithPageFactory"/>
</testsuite> <!-- com.adp.exam.testcase.Test99GuruLoginWithPageFactory -->
